mode: set
github.com/adelmoradian/mario/cmd/root.go:32.16,34.16 2 0
github.com/adelmoradian/mario/cmd/root.go:34.16,36.3 1 0
github.com/adelmoradian/mario/cmd/root.go:39.13,49.2 1 1
github.com/adelmoradian/mario/cmd/validate.go:40.47,44.17 3 0
github.com/adelmoradian/mario/cmd/validate.go:47.3,48.17 2 0
github.com/adelmoradian/mario/cmd/validate.go:51.3,51.41 1 0
github.com/adelmoradian/mario/cmd/validate.go:55.3,55.37 1 0
github.com/adelmoradian/mario/cmd/validate.go:44.17,45.14 1 0
github.com/adelmoradian/mario/cmd/validate.go:48.17,49.14 1 0
github.com/adelmoradian/mario/cmd/validate.go:51.41,53.4 1 0
github.com/adelmoradian/mario/cmd/validate.go:55.37,58.18 3 0
github.com/adelmoradian/mario/cmd/validate.go:61.4,61.34 1 0
github.com/adelmoradian/mario/cmd/validate.go:65.4,67.18 3 0
github.com/adelmoradian/mario/cmd/validate.go:70.4,71.18 2 0
github.com/adelmoradian/mario/cmd/validate.go:58.18,59.15 1 0
github.com/adelmoradian/mario/cmd/validate.go:61.34,63.5 1 0
github.com/adelmoradian/mario/cmd/validate.go:67.18,68.23 1 0
github.com/adelmoradian/mario/cmd/validate.go:71.18,73.5 1 0
github.com/adelmoradian/mario/cmd/validate.go:79.13,91.2 1 1
github.com/adelmoradian/mario/cmd/validate.go:93.111,97.36 3 1
github.com/adelmoradian/mario/cmd/validate.go:110.2,110.38 1 1
github.com/adelmoradian/mario/cmd/validate.go:123.2,126.23 4 1
github.com/adelmoradian/mario/cmd/validate.go:130.2,130.12 1 1
github.com/adelmoradian/mario/cmd/validate.go:97.36,98.10 1 1
github.com/adelmoradian/mario/cmd/validate.go:98.10,99.17 1 1
github.com/adelmoradian/mario/cmd/validate.go:102.4,102.42 1 1
github.com/adelmoradian/mario/cmd/validate.go:99.17,101.5 1 1
github.com/adelmoradian/mario/cmd/validate.go:102.42,104.5 1 1
github.com/adelmoradian/mario/cmd/validate.go:104.10,106.5 1 1
github.com/adelmoradian/mario/cmd/validate.go:110.38,111.10 1 1
github.com/adelmoradian/mario/cmd/validate.go:111.10,112.17 1 1
github.com/adelmoradian/mario/cmd/validate.go:115.4,115.42 1 1
github.com/adelmoradian/mario/cmd/validate.go:112.17,114.5 1 1
github.com/adelmoradian/mario/cmd/validate.go:115.42,117.5 1 0
github.com/adelmoradian/mario/cmd/validate.go:117.10,119.5 1 1
github.com/adelmoradian/mario/cmd/validate.go:126.23,128.3 1 1
github.com/adelmoradian/mario/cmd/validate.go:133.75,134.31 1 1
github.com/adelmoradian/mario/cmd/validate.go:139.2,139.17 1 1
github.com/adelmoradian/mario/cmd/validate.go:134.31,135.39 1 1
github.com/adelmoradian/mario/cmd/validate.go:135.39,137.4 1 1
github.com/adelmoradian/mario/cmd/validate.go:142.56,143.26 1 1
github.com/adelmoradian/mario/cmd/validate.go:148.2,148.14 1 1
github.com/adelmoradian/mario/cmd/validate.go:143.26,144.13 1 1
github.com/adelmoradian/mario/cmd/validate.go:144.13,146.4 1 1
github.com/adelmoradian/mario/cmd/validate.go:151.60,153.16 2 0
github.com/adelmoradian/mario/cmd/validate.go:156.2,157.16 2 0
github.com/adelmoradian/mario/cmd/validate.go:160.2,160.15 1 0
github.com/adelmoradian/mario/cmd/validate.go:153.16,154.13 1 0
github.com/adelmoradian/mario/cmd/validate.go:157.16,158.13 1 0
